2025-12-10 23:11:49,825 - __main__ - INFO - Starting Evony Active Generals Tracker
2025-12-10 23:11:49,997 - ui.main_window - DEBUG - Deleted debug image: GeneralsListFavorites_reference.png
2025-12-10 23:11:49,998 - ui.main_window - DEBUG - Deleted debug image: GeneralsListFavorites_region.png
2025-12-10 23:11:49,998 - ui.main_window - DEBUG - Deleted debug image: GeneralsListIdle_reference.png
2025-12-10 23:11:49,998 - ui.main_window - DEBUG - Deleted debug image: GeneralsListIdle_region.png
2025-12-10 23:11:49,999 - ui.main_window - DEBUG - Deleted debug image: GeneralsListMode_reference.png
2025-12-10 23:11:49,999 - ui.main_window - DEBUG - Deleted debug image: GeneralsListMode_region.png
2025-12-10 23:11:49,999 - ui.main_window - DEBUG - Deleted debug image: ocr_GeneralsListCount.png
2025-12-10 23:11:50,000 - ui.main_window - DEBUG - Deleted debug image: ocr_GeneralsListCount_postprocessed.png
2025-12-10 23:11:50,000 - ui.main_window - DEBUG - Deleted debug image: ocr_GeneralsListCultivateLeadership.png
2025-12-10 23:11:50,000 - ui.main_window - DEBUG - Deleted debug image: ocr_GeneralsListCultivateLeadership_postprocessed.png
2025-12-10 23:11:50,000 - ui.main_window - DEBUG - Deleted debug image: ocr_GeneralsListExp2.png
2025-12-10 23:11:50,001 - ui.main_window - DEBUG - Deleted debug image: ocr_GeneralsListExp2_postprocessed.png
2025-12-10 23:11:50,001 - ui.main_window - DEBUG - Deleted debug image: ocr_GeneralsListName.png
2025-12-10 23:11:50,001 - ui.main_window - DEBUG - Deleted debug image: ocr_GeneralsListName_postprocessed.png
2025-12-10 23:11:50,002 - ui.main_window - DEBUG - Deleted debug image: ocr_GeneralsListPower2.png
2025-12-10 23:11:50,002 - ui.main_window - DEBUG - Deleted debug image: ocr_GeneralsListPower2_postprocessed.png
2025-12-10 23:11:50,002 - ui.main_window - DEBUG - Deleted debug image: ocr_GeneralsListPowerLocation.png
2025-12-10 23:11:50,002 - ui.main_window - DEBUG - Deleted debug image: ocr_GeneralsListStars.png
2025-12-10 23:11:50,002 - ui.main_window - DEBUG - Deleted debug image: ocr_GeneralsListType.png
2025-12-10 23:11:50,002 - ui.main_window - INFO - Cleaned up debug images from previous session
2025-12-10 23:11:50,003 - config.config_manager - INFO - Configuration saved to c:\PythonProjects\EvonyTools\ActiveGenerals\config.json
2025-12-10 23:11:50,004 - ui.main_window - INFO - Main window initialized
